2021-04-21 13:37:33.373  INFO 34460 --- [main] c.p.restservice.RestServiceApplication   : Starting RestServiceApplication using Java 11.0.10 on MACLANG-RB with PID 34460 (C:\Users\franc\Projects\git-projects\pistachio\backend\target\classes started by franc in C:\Users\franc\Projects\git-projects\pistachio)
2021-04-21 13:37:33.385  INFO 34460 --- [main] c.p.restservice.RestServiceApplication   : No active profile set, falling back to default profiles: default
2021-04-21 13:37:34.055  INFO 34460 --- [main] .s.d.r.c.RepositoryConfigurationDelegate : Bootstrapping Spring Data Reactive MongoDB repositories in DEFAULT mode.
2021-04-21 13:37:34.230  INFO 34460 --- [main] .s.d.r.c.RepositoryConfigurationDelegate : Finished Spring Data repository scanning in 170 ms. Found 0 Reactive MongoDB repository interfaces.
2021-04-21 13:37:34.238  INFO 34460 --- [main] .s.d.r.c.RepositoryConfigurationDelegate : Bootstrapping Spring Data MongoDB repositories in DEFAULT mode.
2021-04-21 13:37:34.269  INFO 34460 --- [main] .s.d.r.c.RepositoryConfigurationDelegate : Finished Spring Data repository scanning in 29 ms. Found 5 MongoDB repository interfaces.
2021-04-21 13:37:34.897  INFO 34460 --- [main] o.s.b.w.embedded.tomcat.TomcatWebServer  : Tomcat initialized with port(s): 8080 (http)
2021-04-21 13:37:34.906  INFO 34460 --- [main] o.apache.catalina.core.StandardService   : Starting service [Tomcat]
2021-04-21 13:37:34.907  INFO 34460 --- [main] org.apache.catalina.core.StandardEngine  : Starting Servlet engine: [Apache Tomcat/9.0.43]
2021-04-21 13:37:34.986  INFO 34460 --- [main] o.a.c.c.C.[Tomcat].[localhost].[/]       : Initializing Spring embedded WebApplicationContext
2021-04-21 13:37:34.986  INFO 34460 --- [main] w.s.c.ServletWebServerApplicationContext : Root WebApplicationContext: initialization completed in 1522 ms
2021-04-21 13:37:35.230  INFO 34460 --- [main] org.mongodb.driver.cluster               : Cluster created with settings {hosts=[127.0.0.1:27017], srvHost=pistachiocluster.no8fv.mongodb.net, mode=MULTIPLE, requiredClusterType=REPLICA_SET, serverSelectionTimeout='30000 ms', requiredReplicaSetName='atlas-2iyx7f-shard-0'}
2021-04-21 13:37:35.360  INFO 34460 --- [cluster-ClusterId{value='608062df587b372793294c4b', description='null'}-srv-pistachiocluster.no8fv.mongodb.net] org.mongodb.driver.cluster               : Adding discovered server pistachiocluster-shard-00-00.no8fv.mongodb.net:27017 to client view of cluster
2021-04-21 13:37:35.383  INFO 34460 --- [cluster-ClusterId{value='608062df587b372793294c4b', description='null'}-srv-pistachiocluster.no8fv.mongodb.net] org.mongodb.driver.cluster               : Adding discovered server pistachiocluster-shard-00-01.no8fv.mongodb.net:27017 to client view of cluster
2021-04-21 13:37:35.384  INFO 34460 --- [cluster-ClusterId{value='608062df587b372793294c4b', description='null'}-srv-pistachiocluster.no8fv.mongodb.net] org.mongodb.driver.cluster               : Adding discovered server pistachiocluster-shard-00-02.no8fv.mongodb.net:27017 to client view of cluster
2021-04-21 13:37:35.698  INFO 34460 --- [main] o.s.s.concurrent.ThreadPoolTaskExecutor  : Initializing ExecutorService 'clientInboundChannelExecutor'
2021-04-21 13:37:35.707  INFO 34460 --- [main] o.s.s.concurrent.ThreadPoolTaskExecutor  : Initializing ExecutorService 'clientOutboundChannelExecutor'
2021-04-21 13:37:35.710  INFO 34460 --- [main] o.s.s.concurrent.ThreadPoolTaskExecutor  : Initializing ExecutorService 'brokerChannelExecutor'
2021-04-21 13:37:35.740  INFO 34460 --- [main] o.s.s.c.ThreadPoolTaskScheduler          : Initializing ExecutorService 'messageBrokerTaskScheduler'
2021-04-21 13:37:36.188  INFO 34460 --- [cluster-ClusterId{value='608062df587b372793294c4b', description='null'}-pistachiocluster-shard-00-00.no8fv.mongodb.net:27017] org.mongodb.driver.cluster               : Exception in monitor thread while connecting to server pistachiocluster-shard-00-00.no8fv.mongodb.net:27017

com.mongodb.MongoSocketReadException: Prematurely reached end of stream
	at com.mongodb.internal.connection.SocketStream.read(SocketStream.java:112) ~[mongodb-driver-core-4.1.1.jar:na]
	at com.mongodb.internal.connection.SocketStream.read(SocketStream.java:131) ~[mongodb-driver-core-4.1.1.jar:na]
	at com.mongodb.internal.connection.InternalStreamConnection.receiveResponseBuffers(InternalStreamConnection.java:648) ~[mongodb-driver-core-4.1.1.jar:na]
	at com.mongodb.internal.connection.InternalStreamConnection.receiveMessageWithAdditionalTimeout(InternalStreamConnection.java:513) ~[mongodb-driver-core-4.1.1.jar:na]
	at com.mongodb.internal.connection.InternalStreamConnection.receiveCommandMessageResponse(InternalStreamConnection.java:356) ~[mongodb-driver-core-4.1.1.jar:na]
	at com.mongodb.internal.connection.InternalStreamConnection.sendAndReceive(InternalStreamConnection.java:280) ~[mongodb-driver-core-4.1.1.jar:na]
	at com.mongodb.internal.connection.CommandHelper.sendAndReceive(CommandHelper.java:83) ~[mongodb-driver-core-4.1.1.jar:na]
	at com.mongodb.internal.connection.CommandHelper.executeCommand(CommandHelper.java:33) ~[mongodb-driver-core-4.1.1.jar:na]
	at com.mongodb.internal.connection.InternalStreamConnectionInitializer.initializeConnectionDescription(InternalStreamConnectionInitializer.java:107) ~[mongodb-driver-core-4.1.1.jar:na]
	at com.mongodb.internal.connection.InternalStreamConnectionInitializer.initialize(InternalStreamConnectionInitializer.java:62) ~[mongodb-driver-core-4.1.1.jar:na]
	at com.mongodb.internal.connection.InternalStreamConnection.open(InternalStreamConnection.java:144) ~[mongodb-driver-core-4.1.1.jar:na]
	at com.mongodb.internal.connection.DefaultServerMonitor$ServerMonitorRunnable.lookupServerDescription(DefaultServerMonitor.java:188) ~[mongodb-driver-core-4.1.1.jar:na]
	at com.mongodb.internal.connection.DefaultServerMonitor$ServerMonitorRunnable.run(DefaultServerMonitor.java:144) ~[mongodb-driver-core-4.1.1.jar:na]
	at java.base/java.lang.Thread.run(Thread.java:834) ~[na:na]

2021-04-21 13:37:36.206  INFO 34460 --- [cluster-rtt-ClusterId{value='608062df587b372793294c4b', description='null'}-pistachiocluster-shard-00-01.no8fv.mongodb.net:27017] org.mongodb.driver.connection            : Opened connection [connectionId{localValue:6, serverValue:80303}] to pistachiocluster-shard-00-01.no8fv.mongodb.net:27017
2021-04-21 13:37:36.206  INFO 34460 --- [cluster-rtt-ClusterId{value='608062df587b372793294c4b', description='null'}-pistachiocluster-shard-00-02.no8fv.mongodb.net:27017] org.mongodb.driver.connection            : Opened connection [connectionId{localValue:3, serverValue:99148}] to pistachiocluster-shard-00-02.no8fv.mongodb.net:27017
2021-04-21 13:37:36.206  INFO 34460 --- [cluster-ClusterId{value='608062df587b372793294c4b', description='null'}-pistachiocluster-shard-00-02.no8fv.mongodb.net:27017] org.mongodb.driver.connection            : Opened connection [connectionId{localValue:5, serverValue:99147}] to pistachiocluster-shard-00-02.no8fv.mongodb.net:27017
2021-04-21 13:37:36.208  INFO 34460 --- [cluster-ClusterId{value='608062df587b372793294c4b', description='null'}-pistachiocluster-shard-00-02.no8fv.mongodb.net:27017] org.mongodb.driver.cluster               : Monitor thread successfully connected to server with description ServerDescription{address=pistachiocluster-shard-00-02.no8fv.mongodb.net:27017, type=REPLICA_SET_PRIMARY, state=CONNECTED, ok=true, minWireVersion=0, maxWireVersion=9, maxDocumentSize=16777216, logicalSessionTimeoutMinutes=30, roundTripTimeNanos=446276700, setName='atlas-2iyx7f-shard-0', canonicalAddress=pistachiocluster-shard-00-02.no8fv.mongodb.net:27017, hosts=[pistachiocluster-shard-00-02.no8fv.mongodb.net:27017, pistachiocluster-shard-00-00.no8fv.mongodb.net:27017, pistachiocluster-shard-00-01.no8fv.mongodb.net:27017], passives=[], arbiters=[], primary='pistachiocluster-shard-00-02.no8fv.mongodb.net:27017', tagSet=TagSet{[Tag{name='nodeType', value='ELECTABLE'}, Tag{name='provider', value='GCP'}, Tag{name='region', value='CENTRAL_US'}, Tag{name='workloadType', value='OPERATIONAL'}]}, electionId=7fffffff0000000000000008, setVersion=1, topologyVersion=TopologyVersion{processId=607c89caf1edcaab2d1df661, counter=6}, lastWriteDate=Wed Apr 21 13:37:36 BOT 2021, lastUpdateTimeNanos=333004259449500}
2021-04-21 13:37:36.210  INFO 34460 --- [cluster-ClusterId{value='608062df587b372793294c4b', description='null'}-pistachiocluster-shard-00-01.no8fv.mongodb.net:27017] org.mongodb.driver.connection            : Opened connection [connectionId{localValue:2, serverValue:80303}] to pistachiocluster-shard-00-01.no8fv.mongodb.net:27017
2021-04-21 13:37:36.212  INFO 34460 --- [cluster-ClusterId{value='608062df587b372793294c4b', description='null'}-pistachiocluster-shard-00-02.no8fv.mongodb.net:27017] org.mongodb.driver.cluster               : Setting max election id to 7fffffff0000000000000008 from replica set primary pistachiocluster-shard-00-02.no8fv.mongodb.net:27017
2021-04-21 13:37:36.212  INFO 34460 --- [cluster-ClusterId{value='608062df587b372793294c4b', description='null'}-pistachiocluster-shard-00-01.no8fv.mongodb.net:27017] org.mongodb.driver.cluster               : Monitor thread successfully connected to server with description ServerDescription{address=pistachiocluster-shard-00-01.no8fv.mongodb.net:27017, type=REPLICA_SET_SECONDARY, state=CONNECTED, ok=true, minWireVersion=0, maxWireVersion=9, maxDocumentSize=16777216, logicalSessionTimeoutMinutes=30, roundTripTimeNanos=452728800, setName='atlas-2iyx7f-shard-0', canonicalAddress=pistachiocluster-shard-00-01.no8fv.mongodb.net:27017, hosts=[pistachiocluster-shard-00-02.no8fv.mongodb.net:27017, pistachiocluster-shard-00-00.no8fv.mongodb.net:27017, pistachiocluster-shard-00-01.no8fv.mongodb.net:27017], passives=[], arbiters=[], primary='pistachiocluster-shard-00-02.no8fv.mongodb.net:27017', tagSet=TagSet{[Tag{name='nodeType', value='ELECTABLE'}, Tag{name='provider', value='GCP'}, Tag{name='region', value='CENTRAL_US'}, Tag{name='workloadType', value='OPERATIONAL'}]}, electionId=null, setVersion=1, topologyVersion=TopologyVersion{processId=607c8bfb331966c17e8d89aa, counter=4}, lastWriteDate=Wed Apr 21 13:37:36 BOT 2021, lastUpdateTimeNanos=333004265360200}
2021-04-21 13:37:36.212  INFO 34460 --- [cluster-ClusterId{value='608062df587b372793294c4b', description='null'}-pistachiocluster-shard-00-02.no8fv.mongodb.net:27017] org.mongodb.driver.cluster               : Setting max set version to 1 from replica set primary pistachiocluster-shard-00-02.no8fv.mongodb.net:27017
2021-04-21 13:37:36.213  INFO 34460 --- [cluster-ClusterId{value='608062df587b372793294c4b', description='null'}-pistachiocluster-shard-00-02.no8fv.mongodb.net:27017] org.mongodb.driver.cluster               : Discovered replica set primary pistachiocluster-shard-00-02.no8fv.mongodb.net:27017
2021-04-21 13:37:36.279  INFO 34460 --- [main] org.mongodb.driver.cluster               : Cluster created with settings {hosts=[127.0.0.1:27017], srvHost=pistachiocluster.no8fv.mongodb.net, mode=MULTIPLE, requiredClusterType=REPLICA_SET, serverSelectionTimeout='30000 ms', requiredReplicaSetName='atlas-2iyx7f-shard-0'}
2021-04-21 13:37:36.344  INFO 34460 --- [cluster-ClusterId{value='608062e0587b372793294c4c', description='null'}-srv-pistachiocluster.no8fv.mongodb.net] org.mongodb.driver.cluster               : Adding discovered server pistachiocluster-shard-00-00.no8fv.mongodb.net:27017 to client view of cluster
2021-04-21 13:37:36.346  INFO 34460 --- [cluster-ClusterId{value='608062e0587b372793294c4c', description='null'}-srv-pistachiocluster.no8fv.mongodb.net] org.mongodb.driver.cluster               : Adding discovered server pistachiocluster-shard-00-01.no8fv.mongodb.net:27017 to client view of cluster
2021-04-21 13:37:36.347  INFO 34460 --- [cluster-ClusterId{value='608062e0587b372793294c4c', description='null'}-srv-pistachiocluster.no8fv.mongodb.net] org.mongodb.driver.cluster               : Adding discovered server pistachiocluster-shard-00-02.no8fv.mongodb.net:27017 to client view of cluster
2021-04-21 13:37:36.508  INFO 34460 --- [main] o.s.b.w.embedded.tomcat.TomcatWebServer  : Tomcat started on port(s): 8080 (http) with context path ''
2021-04-21 13:37:36.519  INFO 34460 --- [main] o.s.m.s.b.SimpleBrokerMessageHandler     : Starting...
2021-04-21 13:37:36.527  INFO 34460 --- [main] o.s.m.s.b.SimpleBrokerMessageHandler     : BrokerAvailabilityEvent[available=true, SimpleBrokerMessageHandler [org.springframework.messaging.simp.broker.DefaultSubscriptionRegistry@5e385b6f]]
2021-04-21 13:37:36.537  INFO 34460 --- [main] o.s.m.s.b.SimpleBrokerMessageHandler     : Started.
2021-04-21 13:37:36.552  INFO 34460 --- [main] c.p.restservice.RestServiceApplication   : Started RestServiceApplication in 3.7 seconds (JVM running for 4.068)
2021-04-21 13:37:36.694  INFO 34460 --- [cluster-rtt-ClusterId{value='608062e0587b372793294c4c', description='null'}-pistachiocluster-shard-00-01.no8fv.mongodb.net:27017] org.mongodb.driver.connection            : Opened connection [connectionId{localValue:10, serverValue:80302}] to pistachiocluster-shard-00-01.no8fv.mongodb.net:27017
2021-04-21 13:37:36.699  INFO 34460 --- [cluster-rtt-ClusterId{value='608062e0587b372793294c4c', description='null'}-pistachiocluster-shard-00-02.no8fv.mongodb.net:27017] org.mongodb.driver.connection            : Opened connection [connectionId{localValue:12, serverValue:99147}] to pistachiocluster-shard-00-02.no8fv.mongodb.net:27017
2021-04-21 13:37:36.724  INFO 34460 --- [cluster-ClusterId{value='608062e0587b372793294c4c', description='null'}-pistachiocluster-shard-00-02.no8fv.mongodb.net:27017] org.mongodb.driver.connection            : Opened connection [connectionId{localValue:8, serverValue:99147}] to pistachiocluster-shard-00-02.no8fv.mongodb.net:27017
2021-04-21 13:37:36.725  INFO 34460 --- [cluster-ClusterId{value='608062e0587b372793294c4c', description='null'}-pistachiocluster-shard-00-02.no8fv.mongodb.net:27017] org.mongodb.driver.cluster               : Monitor thread successfully connected to server with description ServerDescription{address=pistachiocluster-shard-00-02.no8fv.mongodb.net:27017, type=REPLICA_SET_PRIMARY, state=CONNECTED, ok=true, minWireVersion=0, maxWireVersion=9, maxDocumentSize=16777216, logicalSessionTimeoutMinutes=30, roundTripTimeNanos=217495100, setName='atlas-2iyx7f-shard-0', canonicalAddress=pistachiocluster-shard-00-02.no8fv.mongodb.net:27017, hosts=[pistachiocluster-shard-00-02.no8fv.mongodb.net:27017, pistachiocluster-shard-00-00.no8fv.mongodb.net:27017, pistachiocluster-shard-00-01.no8fv.mongodb.net:27017], passives=[], arbiters=[], primary='pistachiocluster-shard-00-02.no8fv.mongodb.net:27017', tagSet=TagSet{[Tag{name='nodeType', value='ELECTABLE'}, Tag{name='provider', value='GCP'}, Tag{name='region', value='CENTRAL_US'}, Tag{name='workloadType', value='OPERATIONAL'}]}, electionId=7fffffff0000000000000008, setVersion=1, topologyVersion=TopologyVersion{processId=607c89caf1edcaab2d1df661, counter=6}, lastWriteDate=Wed Apr 21 13:37:36 BOT 2021, lastUpdateTimeNanos=333004778865600}
2021-04-21 13:37:36.728  INFO 34460 --- [cluster-ClusterId{value='608062e0587b372793294c4c', description='null'}-pistachiocluster-shard-00-02.no8fv.mongodb.net:27017] org.mongodb.driver.cluster               : Setting max election id to 7fffffff0000000000000008 from replica set primary pistachiocluster-shard-00-02.no8fv.mongodb.net:27017
2021-04-21 13:37:36.729  INFO 34460 --- [cluster-ClusterId{value='608062e0587b372793294c4c', description='null'}-pistachiocluster-shard-00-02.no8fv.mongodb.net:27017] org.mongodb.driver.cluster               : Setting max set version to 1 from replica set primary pistachiocluster-shard-00-02.no8fv.mongodb.net:27017
2021-04-21 13:37:36.729  INFO 34460 --- [cluster-ClusterId{value='608062e0587b372793294c4c', description='null'}-pistachiocluster-shard-00-02.no8fv.mongodb.net:27017] org.mongodb.driver.cluster               : Discovered replica set primary pistachiocluster-shard-00-02.no8fv.mongodb.net:27017
2021-04-21 13:37:36.729  INFO 34460 --- [cluster-ClusterId{value='608062e0587b372793294c4c', description='null'}-pistachiocluster-shard-00-00.no8fv.mongodb.net:27017] org.mongodb.driver.cluster               : Exception in monitor thread while connecting to server pistachiocluster-shard-00-00.no8fv.mongodb.net:27017

com.mongodb.MongoSocketReadException: Prematurely reached end of stream
	at com.mongodb.internal.connection.AsynchronousChannelStream$BasicCompletionHandler.completed(AsynchronousChannelStream.java:247) ~[mongodb-driver-core-4.1.1.jar:na]
	at com.mongodb.internal.connection.AsynchronousChannelStream$BasicCompletionHandler.completed(AsynchronousChannelStream.java:233) ~[mongodb-driver-core-4.1.1.jar:na]
	at com.mongodb.internal.connection.tlschannel.async.AsynchronousTlsChannel.lambda$read$4(AsynchronousTlsChannel.java:122) ~[mongodb-driver-core-4.1.1.jar:na]
	at java.base/java.util.concurrent.Executors$RunnableAdapter.call(Executors.java:515) ~[na:na]
	at java.base/java.util.concurrent.FutureTask.run(FutureTask.java:264) ~[na:na]
	at java.base/java.util.concurrent.ThreadPoolExecutor.runWorker(ThreadPoolExecutor.java:1128) ~[na:na]
	at java.base/java.util.concurrent.ThreadPoolExecutor$Worker.run(ThreadPoolExecutor.java:628) ~[na:na]
	at java.base/java.lang.Thread.run(Thread.java:834) ~[na:na]

2021-04-21 13:37:36.735  INFO 34460 --- [cluster-ClusterId{value='608062e0587b372793294c4c', description='null'}-pistachiocluster-shard-00-01.no8fv.mongodb.net:27017] org.mongodb.driver.connection            : Opened connection [connectionId{localValue:9, serverValue:80302}] to pistachiocluster-shard-00-01.no8fv.mongodb.net:27017
2021-04-21 13:37:36.736  INFO 34460 --- [cluster-ClusterId{value='608062e0587b372793294c4c', description='null'}-pistachiocluster-shard-00-01.no8fv.mongodb.net:27017] org.mongodb.driver.cluster               : Monitor thread successfully connected to server with description ServerDescription{address=pistachiocluster-shard-00-01.no8fv.mongodb.net:27017, type=REPLICA_SET_SECONDARY, state=CONNECTED, ok=true, minWireVersion=0, maxWireVersion=9, maxDocumentSize=16777216, logicalSessionTimeoutMinutes=30, roundTripTimeNanos=232062300, setName='atlas-2iyx7f-shard-0', canonicalAddress=pistachiocluster-shard-00-01.no8fv.mongodb.net:27017, hosts=[pistachiocluster-shard-00-02.no8fv.mongodb.net:27017, pistachiocluster-shard-00-00.no8fv.mongodb.net:27017, pistachiocluster-shard-00-01.no8fv.mongodb.net:27017], passives=[], arbiters=[], primary='pistachiocluster-shard-00-02.no8fv.mongodb.net:27017', tagSet=TagSet{[Tag{name='nodeType', value='ELECTABLE'}, Tag{name='provider', value='GCP'}, Tag{name='region', value='CENTRAL_US'}, Tag{name='workloadType', value='OPERATIONAL'}]}, electionId=null, setVersion=1, topologyVersion=TopologyVersion{processId=607c8bfb331966c17e8d89aa, counter=4}, lastWriteDate=Wed Apr 21 13:37:36 BOT 2021, lastUpdateTimeNanos=333004790322300}
2021-04-21 13:38:35.833  INFO 34460 --- [MessageBroker-1] o.s.w.s.c.WebSocketMessageBrokerStats    : WebSocketSession[0 current WS(0)-HttpStream(0)-HttpPoll(0), 0 total, 0 closed abnormally (0 connect failure, 0 send limit, 0 transport error)], stompSubProtocol[processed CONNECT(0)-CONNECTED(0)-DISCONNECT(0)], stompBrokerRelay[null], inboundChannel[pool size = 0, active threads = 0, queued tasks = 0, completed tasks = 0], outboundChannel[pool size = 0, active threads = 0, queued tasks = 0, completed tasks = 0], sockJsScheduler[pool size = 1, active threads = 1, queued tasks = 0, completed tasks = 0]
2021-04-21 13:41:39.535  INFO 34460 --- [SpringContextShutdownHook] o.s.m.s.b.SimpleBrokerMessageHandler     : Stopping...
2021-04-21 13:41:39.535  INFO 34460 --- [SpringContextShutdownHook] o.s.m.s.b.SimpleBrokerMessageHandler     : BrokerAvailabilityEvent[available=false, SimpleBrokerMessageHandler [org.springframework.messaging.simp.broker.DefaultSubscriptionRegistry@5e385b6f]]
2021-04-21 13:41:39.536  INFO 34460 --- [SpringContextShutdownHook] o.s.m.s.b.SimpleBrokerMessageHandler     : Stopped.
2021-04-21 13:41:39.643  INFO 34460 --- [SpringContextShutdownHook] o.s.s.c.ThreadPoolTaskScheduler          : Shutting down ExecutorService 'messageBrokerTaskScheduler'
2021-04-21 13:41:39.644  INFO 34460 --- [SpringContextShutdownHook] o.s.s.concurrent.ThreadPoolTaskExecutor  : Shutting down ExecutorService 'brokerChannelExecutor'
2021-04-21 13:41:39.645  INFO 34460 --- [SpringContextShutdownHook] o.s.s.concurrent.ThreadPoolTaskExecutor  : Shutting down ExecutorService 'clientOutboundChannelExecutor'
2021-04-21 13:41:39.646  INFO 34460 --- [SpringContextShutdownHook] o.s.s.concurrent.ThreadPoolTaskExecutor  : Shutting down ExecutorService 'clientInboundChannelExecutor'
